\BOOKMARK [1][]{section.1}{1 Introduction}{}% 1
\BOOKMARK [1][]{section.2}{2 Data}{}% 2
\BOOKMARK [1][]{section.3}{3 Overlap and Intersection}{}% 3
\BOOKMARK [2][]{subsection.3.1}{3.1 Sequence information}{section.3}% 4
\BOOKMARK [2][]{subsection.3.2}{3.2 Annotations}{section.3}% 5
\BOOKMARK [2][]{subsection.3.3}{3.3 Finding Overlaps}{section.3}% 6
\BOOKMARK [2][]{subsection.3.4}{3.4 Computing intersections}{section.3}% 7
\BOOKMARK [2][]{subsection.3.5}{3.5 Keeping the original features}{section.3}% 8
\BOOKMARK [2][]{subsection.3.6}{3.6 Computing the amount of overlap}{section.3}% 9
\BOOKMARK [2][]{subsection.3.7}{3.7 Counting the number of overlaps}{section.3}% 10
\BOOKMARK [2][]{subsection.3.8}{3.8 Excluding queries with overlaps}{section.3}% 11
\BOOKMARK [2][]{subsection.3.9}{3.9 Restricting by fraction of overlap}{section.3}% 12
\BOOKMARK [2][]{subsection.3.10}{3.10 Performance}{section.3}% 13
\BOOKMARK [2][]{subsection.3.11}{3.11 Multiple subjects}{section.3}% 14
\BOOKMARK [1][]{section.4}{4 Merge}{}% 15
\BOOKMARK [2][]{subsection.4.1}{4.1 Aggregation}{section.4}% 16
\BOOKMARK [2][]{subsection.4.2}{4.2 Merging close features}{section.4}% 17
\BOOKMARK [1][]{section.5}{5 Finding the Gaps}{}% 18
\BOOKMARK [1][]{section.6}{6 Computing Genomic Coverage}{}% 19
\BOOKMARK [2][]{subsection.6.1}{6.1 Coverage vector}{section.6}% 20
\BOOKMARK [2][]{subsection.6.2}{6.2 Coverage histogram}{section.6}% 21
\BOOKMARK [1][]{section.7}{7 Combining operations}{}% 22
\BOOKMARK [2][]{subsection.7.1}{7.1 Chaining}{section.7}% 23
\BOOKMARK [2][]{subsection.7.2}{7.2 Coalescence}{section.7}% 24
\BOOKMARK [1][]{section.8}{8 Jaccard Statistic}{}% 25
\BOOKMARK [1][]{section.9}{9 Exercises}{}% 26
\BOOKMARK [2][]{subsection.9.1}{9.1 Answers}{section.9}% 27
